<?xml version="1.0" encoding="UTF-8"?>
<!-- Generated by org.testng.reporters.JUnitXMLReporter -->
<testsuite ignored="0" hostname="Chinmay-PC" failures="0" tests="4" name="Surefire test" time="5.738" errors="0" timestamp="2023-02-25T16:54:08 IST">
  <testcase classname="com.spotify.oauth2.tests.PlaylistTests" name="shouldBeAbleToGetAPalylist" time="5.041"/>
  <testcase classname="com.spotify.oauth2.tests.PlaylistTests" name="shouldBeAbleToCreateAPalylistWithoutName" time="5.302"/>
  <testcase classname="com.spotify.oauth2.tests.PlaylistTests" name="shouldBeAbleToCreateAPalylist" time="5.444"/>
  <testcase classname="com.spotify.oauth2.tests.PlaylistTests" name="shouldBeAbleToUpdateAPalylist" time="5.461"/>
</testsuite> <!-- Surefire test -->
