<?xml version="1.0" encoding="UTF-8"?>
<!-- Generated by org.testng.reporters.JUnitXMLReporter -->
<testsuite ignored="0" hostname="Chinmay-PC" failures="0" tests="4" name="Default test" time="6.534" errors="0" timestamp="2023-02-25T17:04:51 IST">
  <testcase classname="com.spotify.oauth2.tests.PlaylistTests" name="shouldBeAbleToCreateAPalylist" time="5.308"/>
  <testcase classname="com.spotify.oauth2.tests.PlaylistTests" name="shouldBeAbleToCreateAPalylistWithoutName" time="0.26"/>
  <testcase classname="com.spotify.oauth2.tests.PlaylistTests" name="shouldBeAbleToGetAPalylist" time="0.303"/>
  <testcase classname="com.spotify.oauth2.tests.PlaylistTests" name="shouldBeAbleToUpdateAPalylist" time="0.285"/>
</testsuite> <!-- Default test -->
