<?xml version="1.0" encoding="UTF-8"?>
<testng-results ignored="0" total="4" passed="4" failed="0" skipped="0">
  <reporter-output>
  </reporter-output>
  <suite started-at="2023-02-25T16:54:03 IST" name="Surefire suite" finished-at="2023-02-25T16:54:08 IST" duration-ms="5738">
    <groups>
    </groups>
    <test started-at="2023-02-25T16:54:03 IST" name="Surefire test" finished-at="2023-02-25T16:54:08 IST" duration-ms="5738">
      <class name="com.spotify.oauth2.tests.PlaylistTests">
        <test-method is-config="true" signature="beforeMethod(java.lang.reflect.Method)[pri:0, instance:com.spotify.oauth2.tests.PlaylistTests@1a87b51]" started-at="2023-02-25T16:54:03 IST" name="beforeMethod" finished-at="2023-02-25T16:54:03 IST" duration-ms="38" status="PASS">
          <params>
            <param index="0">
              <value>
                <![CDATA[public void com.spotify.oauth2.tests.PlaylistTests.shouldBeAbleToCreateAPalylist()]]>
              </value>
            </param>
          </params>
          <reporter-output>
          </reporter-output>
        </test-method> <!-- beforeMethod -->
        <test-method is-config="true" signature="beforeMethod(java.lang.reflect.Method)[pri:0, instance:com.spotify.oauth2.tests.PlaylistTests@1a87b51]" started-at="2023-02-25T16:54:03 IST" name="beforeMethod" finished-at="2023-02-25T16:54:03 IST" duration-ms="38" status="PASS">
          <params>
            <param index="0">
              <value>
                <![CDATA[public void com.spotify.oauth2.tests.PlaylistTests.shouldBeAbleToGetAPalylist()]]>
              </value>
            </param>
          </params>
          <reporter-output>
          </reporter-output>
        </test-method> <!-- beforeMethod -->
        <test-method is-config="true" signature="beforeMethod(java.lang.reflect.Method)[pri:0, instance:com.spotify.oauth2.tests.PlaylistTests@1a87b51]" started-at="2023-02-25T16:54:03 IST" name="beforeMethod" finished-at="2023-02-25T16:54:03 IST" duration-ms="37" status="PASS">
          <params>
            <param index="0">
              <value>
                <![CDATA[public void com.spotify.oauth2.tests.PlaylistTests.shouldBeAbleToCreateAPalylistWithoutName()]]>
              </value>
            </param>
          </params>
          <reporter-output>
          </reporter-output>
        </test-method> <!-- beforeMethod -->
        <test-method is-config="true" signature="beforeMethod(java.lang.reflect.Method)[pri:0, instance:com.spotify.oauth2.tests.PlaylistTests@1a87b51]" started-at="2023-02-25T16:54:03 IST" name="beforeMethod" finished-at="2023-02-25T16:54:03 IST" duration-ms="37" status="PASS">
          <params>
            <param index="0">
              <value>
                <![CDATA[public void com.spotify.oauth2.tests.PlaylistTests.shouldBeAbleToUpdateAPalylist()]]>
              </value>
            </param>
          </params>
          <reporter-output>
          </reporter-output>
        </test-method> <!-- beforeMethod -->
        <test-method signature="shouldBeAbleToGetAPalylist()[pri:0, instance:com.spotify.oauth2.tests.PlaylistTests@1a87b51]" started-at="2023-02-25T16:54:03 IST" name="shouldBeAbleToGetAPalylist" finished-at="2023-02-25T16:54:08 IST" duration-ms="5041" status="PASS">
          <reporter-output>
          </reporter-output>
        </test-method> <!-- shouldBeAbleToGetAPalylist -->
        <test-method signature="shouldBeAbleToCreateAPalylistWithoutName()[pri:0, instance:com.spotify.oauth2.tests.PlaylistTests@1a87b51]" started-at="2023-02-25T16:54:03 IST" name="shouldBeAbleToCreateAPalylistWithoutName" finished-at="2023-02-25T16:54:08 IST" duration-ms="5302" status="PASS">
          <reporter-output>
          </reporter-output>
        </test-method> <!-- shouldBeAbleToCreateAPalylistWithoutName -->
        <test-method signature="shouldBeAbleToUpdateAPalylist()[pri:0, instance:com.spotify.oauth2.tests.PlaylistTests@1a87b51]" started-at="2023-02-25T16:54:03 IST" name="shouldBeAbleToUpdateAPalylist" finished-at="2023-02-25T16:54:08 IST" duration-ms="5461" status="PASS">
          <reporter-output>
          </reporter-output>
        </test-method> <!-- shouldBeAbleToUpdateAPalylist -->
        <test-method signature="shouldBeAbleToCreateAPalylist()[pri:0, instance:com.spotify.oauth2.tests.PlaylistTests@1a87b51]" started-at="2023-02-25T16:54:03 IST" name="shouldBeAbleToCreateAPalylist" description="SHould be Able to Create a playlist" finished-at="2023-02-25T16:54:08 IST" duration-ms="5444" status="PASS">
          <reporter-output>
          </reporter-output>
        </test-method> <!-- shouldBeAbleToCreateAPalylist -->
      </class> <!-- com.spotify.oauth2.tests.PlaylistTests -->
    </test> <!-- Surefire test -->
  </suite> <!-- Surefire suite -->
</testng-results>
