<?xml version="1.0" encoding="UTF-8"?>
<testng-results ignored="0" total="4" passed="4" failed="0" skipped="0">
  <reporter-output>
  </reporter-output>
  <suite started-at="2023-02-25T17:04:45 IST" name="Default suite" finished-at="2023-02-25T17:04:51 IST" duration-ms="6534">
    <groups>
    </groups>
    <test started-at="2023-02-25T17:04:45 IST" name="Default test" finished-at="2023-02-25T17:04:51 IST" duration-ms="6534">
      <class name="com.spotify.oauth2.tests.PlaylistTests">
        <test-method is-config="true" signature="beforeMethod(java.lang.reflect.Method)[pri:0, instance:com.spotify.oauth2.tests.PlaylistTests@a18649a]" started-at="2023-02-25T17:04:45 IST" name="beforeMethod" finished-at="2023-02-25T17:04:45 IST" duration-ms="45" status="PASS">
          <params>
            <param index="0">
              <value>
                <![CDATA[public void com.spotify.oauth2.tests.PlaylistTests.shouldBeAbleToCreateAPalylist()]]>
              </value>
            </param>
          </params>
          <reporter-output>
          </reporter-output>
        </test-method> <!-- beforeMethod -->
        <test-method signature="shouldBeAbleToCreateAPalylist()[pri:0, instance:com.spotify.oauth2.tests.PlaylistTests@a18649a]" started-at="2023-02-25T17:04:45 IST" name="shouldBeAbleToCreateAPalylist" description="SHould be Able to Create a playlist" finished-at="2023-02-25T17:04:50 IST" duration-ms="5308" status="PASS">
          <reporter-output>
          </reporter-output>
        </test-method> <!-- shouldBeAbleToCreateAPalylist -->
        <test-method is-config="true" signature="beforeMethod(java.lang.reflect.Method)[pri:0, instance:com.spotify.oauth2.tests.PlaylistTests@a18649a]" started-at="2023-02-25T17:04:50 IST" name="beforeMethod" finished-at="2023-02-25T17:04:50 IST" duration-ms="1" status="PASS">
          <params>
            <param index="0">
              <value>
                <![CDATA[public void com.spotify.oauth2.tests.PlaylistTests.shouldBeAbleToCreateAPalylistWithoutName()]]>
              </value>
            </param>
          </params>
          <reporter-output>
          </reporter-output>
        </test-method> <!-- beforeMethod -->
        <test-method signature="shouldBeAbleToCreateAPalylistWithoutName()[pri:0, instance:com.spotify.oauth2.tests.PlaylistTests@a18649a]" started-at="2023-02-25T17:04:50 IST" name="shouldBeAbleToCreateAPalylistWithoutName" finished-at="2023-02-25T17:04:51 IST" duration-ms="260" status="PASS">
          <reporter-output>
          </reporter-output>
        </test-method> <!-- shouldBeAbleToCreateAPalylistWithoutName -->
        <test-method is-config="true" signature="beforeMethod(java.lang.reflect.Method)[pri:0, instance:com.spotify.oauth2.tests.PlaylistTests@a18649a]" started-at="2023-02-25T17:04:51 IST" name="beforeMethod" finished-at="2023-02-25T17:04:51 IST" duration-ms="0" status="PASS">
          <params>
            <param index="0">
              <value>
                <![CDATA[public void com.spotify.oauth2.tests.PlaylistTests.shouldBeAbleToGetAPalylist()]]>
              </value>
            </param>
          </params>
          <reporter-output>
          </reporter-output>
        </test-method> <!-- beforeMethod -->
        <test-method signature="shouldBeAbleToGetAPalylist()[pri:0, instance:com.spotify.oauth2.tests.PlaylistTests@a18649a]" started-at="2023-02-25T17:04:51 IST" name="shouldBeAbleToGetAPalylist" finished-at="2023-02-25T17:04:51 IST" duration-ms="303" status="PASS">
          <reporter-output>
          </reporter-output>
        </test-method> <!-- shouldBeAbleToGetAPalylist -->
        <test-method is-config="true" signature="beforeMethod(java.lang.reflect.Method)[pri:0, instance:com.spotify.oauth2.tests.PlaylistTests@a18649a]" started-at="2023-02-25T17:04:51 IST" name="beforeMethod" finished-at="2023-02-25T17:04:51 IST" duration-ms="0" status="PASS">
          <params>
            <param index="0">
              <value>
                <![CDATA[public void com.spotify.oauth2.tests.PlaylistTests.shouldBeAbleToUpdateAPalylist()]]>
              </value>
            </param>
          </params>
          <reporter-output>
          </reporter-output>
        </test-method> <!-- beforeMethod -->
        <test-method signature="shouldBeAbleToUpdateAPalylist()[pri:0, instance:com.spotify.oauth2.tests.PlaylistTests@a18649a]" started-at="2023-02-25T17:04:51 IST" name="shouldBeAbleToUpdateAPalylist" finished-at="2023-02-25T17:04:51 IST" duration-ms="285" status="PASS">
          <reporter-output>
          </reporter-output>
        </test-method> <!-- shouldBeAbleToUpdateAPalylist -->
      </class> <!-- com.spotify.oauth2.tests.PlaylistTests -->
    </test> <!-- Default test -->
  </suite> <!-- Default suite -->
</testng-results>
